Build started 17-Feb-18 8:35:56 PM.
     1>Project "C:\Users\hidayat\Downloads\Project (1)\gravity\gravity\gravity.vcxproj" on node 2 (Build target(s)).
     1>Link:
         D:\New folder (2)\VS 2012\VC\bin\link.exe /ERRORREPORT:PROMPT /OUT:"C:\Users\hidayat\Downloads\Project (1)\gravity\Debug\gravity.exe" /INCREMENTAL /NOLOGO kernel32.lib user32.lib gdi32.lib winspool.lib comdlg32.lib advapi32.lib shell32.lib ole32.lib oleaut32.lib uuid.lib odbc32.lib odbccp32.lib /MANIFEST /MANIFESTUAC:"level='asInvoker' uiAccess='false'" /manifest:embed /DEBUG /PDB:"C:\Users\hidayat\Downloads\Project (1)\gravity\Debug\gravity.pdb" /SUBSYSTEM:CONSOLE /TLBID:1 /DYNAMICBASE /NXCOMPAT /IMPLIB:"C:\Users\hidayat\Downloads\Project (1)\gravity\Debug\gravity.lib" /MACHINE:X86 Debug\src.obj
     1>LINK : fatal error LNK1207: incompatible PDB format in 'C:\Users\hidayat\Downloads\Project (1)\gravity\Debug\gravity.pdb'; delete and rebuild
     1>Done Building Project "C:\Users\hidayat\Downloads\Project (1)\gravity\gravity\gravity.vcxproj" (Build target(s)) -- FAILED.

Build FAILED.

Time Elapsed 00:00:00.41
